
*** Running vivado
    with args -log design_1_divisor_0_0.vds -m64 -product Vivado -mode batch -messageDb vivado.pb -notrace -source design_1_divisor_0_0.tcl



****** Vivado v2020.2 (64-bit)
  **** SW Build 3064766 on Wed Nov 18 09:12:45 MST 2020
  **** IP Build 3064653 on Wed Nov 18 14:17:31 MST 2020
    ** Copyright 1986-2020 Xilinx, Inc. All Rights Reserved.

source design_1_divisor_0_0.tcl -notrace
INFO: [IP_Flow 19-234] Refreshing IP repositories
INFO: [IP_Flow 19-1700] Loaded user IP repository 'd:/VivadoProjects/my_repo'.
INFO: [IP_Flow 19-2313] Loaded Vivado IP repository 'D:/Xilinx/Vivado/2020.2/data/ip'.
Command: synth_design -top design_1_divisor_0_0 -part xc7a35tcpg236-1 -mode out_of_context
Starting synth_design
WARNING: [IP_Flow 19-3571] IP 'design_1_divisor_0_0' is restricted:
* Module reference is stale and needs refreshing.
Attempting to get a license for feature 'Synthesis' and/or device 'xc7a35t'
INFO: [Common 17-349] Got license for feature 'Synthesis' and/or device 'xc7a35t'
INFO: [Device 21-403] Loading part xc7a35tcpg236-1
INFO: [Synth 8-7079] Multithreading enabled for synth_design using a maximum of 2 processes.
INFO: [Synth 8-7078] Launching helper process for spawning children vivado processes
INFO: [Synth 8-7075] Helper process launched with PID 8572
---------------------------------------------------------------------------------
Starting RTL Elaboration : Time (s): cpu = 00:00:03 ; elapsed = 00:00:05 . Memory (MB): peak = 1002.965 ; gain = 0.000
---------------------------------------------------------------------------------
INFO: [Synth 8-638] synthesizing module 'design_1_divisor_0_0' [d:/VivadoProjects/LAB2/LAB2.gen/sources_1/bd/design_1/ip/design_1_divisor_0_0/synth/design_1_divisor_0_0.vhd:69]
	Parameter TDATA_WIDTH bound to: 8 - type: integer 
INFO: [Synth 8-3491] module 'divisor' declared at 'D:/VivadoProjects/LAB2/LAB2.srcs/sources_1/new/divisor.vhd:5' bound to instance 'U0' of component 'divisor' [d:/VivadoProjects/LAB2/LAB2.gen/sources_1/bd/design_1/ip/design_1_divisor_0_0/synth/design_1_divisor_0_0.vhd:110]
INFO: [Synth 8-638] synthesizing module 'divisor' [D:/VivadoProjects/LAB2/LAB2.srcs/sources_1/new/divisor.vhd:23]
	Parameter TDATA_WIDTH bound to: 8 - type: integer 
	Parameter moltiplicando bound to: 342 - type: integer 
INFO: [Synth 8-3491] module 'DivisionByThreeAcc' declared at 'D:/VivadoProjects/LAB2/LAB2.srcs/sources_1/new/divide.vhd:15' bound to instance 'div' of component 'DivisionByThreeAcc' [D:/VivadoProjects/LAB2/LAB2.srcs/sources_1/new/divisor.vhd:59]
INFO: [Synth 8-638] synthesizing module 'DivisionByThreeAcc' [D:/VivadoProjects/LAB2/LAB2.srcs/sources_1/new/divide.vhd:26]
	Parameter moltiplicando bound to: 342 - type: integer 
INFO: [Synth 8-256] done synthesizing module 'DivisionByThreeAcc' (1#1) [D:/VivadoProjects/LAB2/LAB2.srcs/sources_1/new/divide.vhd:26]
INFO: [Synth 8-256] done synthesizing module 'divisor' (2#1) [D:/VivadoProjects/LAB2/LAB2.srcs/sources_1/new/divisor.vhd:23]
INFO: [Synth 8-256] done synthesizing module 'design_1_divisor_0_0' (3#1) [d:/VivadoProjects/LAB2/LAB2.gen/sources_1/bd/design_1/ip/design_1_divisor_0_0/synth/design_1_divisor_0_0.vhd:69]
---------------------------------------------------------------------------------
Finished RTL Elaboration : Time (s): cpu = 00:00:03 ; elapsed = 00:00:06 . Memory (MB): peak = 1002.965 ; gain = 0.000
---------------------------------------------------------------------------------
---------------------------------------------------------------------------------
Start Handling Custom Attributes
---------------------------------------------------------------------------------
---------------------------------------------------------------------------------
Finished Handling Custom Attributes : Time (s): cpu = 00:00:04 ; elapsed = 00:00:07 . Memory (MB): peak = 1002.965 ; gain = 0.000
---------------------------------------------------------------------------------
---------------------------------------------------------------------------------
Finished RTL Optimization Phase 1 : Time (s): cpu = 00:00:04 ; elapsed = 00:00:07 . Memory (MB): peak = 1002.965 ; gain = 0.000
---------------------------------------------------------------------------------
Netlist sorting complete. Time (s): cpu = 00:00:00 ; elapsed = 00:00:00.001 . Memory (MB): peak = 1002.965 ; gain = 0.000
INFO: [Project 1-570] Preparing netlist for logic optimization

Processing XDC Constraints
Initializing timing engine
Completed Processing XDC Constraints

Netlist sorting complete. Time (s): cpu = 00:00:00 ; elapsed = 00:00:00 . Memory (MB): peak = 1002.965 ; gain = 0.000
INFO: [Project 1-111] Unisim Transformation Summary:
No Unisim elements were transformed.

Constraint Validation Runtime : Time (s): cpu = 00:00:00 ; elapsed = 00:00:00.018 . Memory (MB): peak = 1002.965 ; gain = 0.000
---------------------------------------------------------------------------------
Finished Constraint Validation : Time (s): cpu = 00:00:08 ; elapsed = 00:00:13 . Memory (MB): peak = 1002.965 ; gain = 0.000
---------------------------------------------------------------------------------
---------------------------------------------------------------------------------
Start Loading Part and Timing Information
---------------------------------------------------------------------------------
Loading part: xc7a35tcpg236-1
---------------------------------------------------------------------------------
Finished Loading Part and Timing Information : Time (s): cpu = 00:00:08 ; elapsed = 00:00:13 . Memory (MB): peak = 1002.965 ; gain = 0.000
---------------------------------------------------------------------------------
---------------------------------------------------------------------------------
Start Applying 'set_property' XDC Constraints
---------------------------------------------------------------------------------
---------------------------------------------------------------------------------
Finished applying 'set_property' XDC Constraints : Time (s): cpu = 00:00:08 ; elapsed = 00:00:13 . Memory (MB): peak = 1002.965 ; gain = 0.000
---------------------------------------------------------------------------------
---------------------------------------------------------------------------------
Finished RTL Optimization Phase 2 : Time (s): cpu = 00:00:08 ; elapsed = 00:00:14 . Memory (MB): peak = 1002.965 ; gain = 0.000
---------------------------------------------------------------------------------
---------------------------------------------------------------------------------
Start RTL Component Statistics 
---------------------------------------------------------------------------------
Detailed RTL Component Info : 
+---Adders : 
	   3 Input   10 Bit       Adders := 1     
	   2 Input    2 Bit       Adders := 1     
+---Registers : 
	                8 Bit    Registers := 3     
	                2 Bit    Registers := 2     
+---Muxes : 
	   2 Input    2 Bit        Muxes := 1     
	   4 Input    2 Bit        Muxes := 1     
	   4 Input    1 Bit        Muxes := 5     
	   2 Input    1 Bit        Muxes := 3     
---------------------------------------------------------------------------------
Finished RTL Component Statistics 
---------------------------------------------------------------------------------
---------------------------------------------------------------------------------
Start Part Resource Summary
---------------------------------------------------------------------------------
Part Resources:
DSPs: 90 (col length:60)
BRAMs: 100 (col length: RAMB18 60 RAMB36 30)
---------------------------------------------------------------------------------
Finished Part Resource Summary
---------------------------------------------------------------------------------
---------------------------------------------------------------------------------
Start Cross Boundary and Area Optimization
---------------------------------------------------------------------------------
DSP Report: Generating DSP U0/div/C, operation Mode is: A*(B:0x156).
DSP Report: operator U0/div/C is absorbed into DSP U0/div/C.
---------------------------------------------------------------------------------
Finished Cross Boundary and Area Optimization : Time (s): cpu = 00:00:09 ; elapsed = 00:00:16 . Memory (MB): peak = 1002.965 ; gain = 0.000
---------------------------------------------------------------------------------
---------------------------------------------------------------------------------
Start ROM, RAM, DSP, Shift Register and Retiming Reporting
---------------------------------------------------------------------------------

DSP: Preliminary Mapping	Report (see note below)
+-------------------+-------------+--------+--------+--------+--------+--------+------+------+------+------+-------+------+------+
|Module Name        | DSP Mapping | A Size | B Size | C Size | D Size | P Size | AREG | BREG | CREG | DREG | ADREG | MREG | PREG | 
+-------------------+-------------+--------+--------+--------+--------+--------+------+------+------+------+-------+------+------+
|DivisionByThreeAcc | A*(B:0x156) | 10     | 9      | -      | -      | 19     | 0    | 0    | -    | -    | -     | 0    | 0    | 
+-------------------+-------------+--------+--------+--------+--------+--------+------+------+------+------+-------+------+------+

Note: The table above is a preliminary report that shows the DSPs inferred at the current stage of the synthesis flow. Some DSP may be reimplemented as non DSP primitives later in the synthesis flow. Multiple instantiated DSPs are reported only once.
---------------------------------------------------------------------------------
Finished ROM, RAM, DSP, Shift Register and Retiming Reporting
---------------------------------------------------------------------------------
---------------------------------------------------------------------------------
Start Applying XDC Timing Constraints
---------------------------------------------------------------------------------
---------------------------------------------------------------------------------
Finished Applying XDC Timing Constraints : Time (s): cpu = 00:00:15 ; elapsed = 00:00:26 . Memory (MB): peak = 1002.965 ; gain = 0.000
---------------------------------------------------------------------------------
---------------------------------------------------------------------------------
Start Timing Optimization
---------------------------------------------------------------------------------
---------------------------------------------------------------------------------
Finished Timing Optimization : Time (s): cpu = 00:00:15 ; elapsed = 00:00:26 . Memory (MB): peak = 1002.965 ; gain = 0.000
---------------------------------------------------------------------------------
---------------------------------------------------------------------------------
Start Technology Mapping
---------------------------------------------------------------------------------
---------------------------------------------------------------------------------
Finished Technology Mapping : Time (s): cpu = 00:00:15 ; elapsed = 00:00:26 . Memory (MB): peak = 1016.336 ; gain = 13.371
---------------------------------------------------------------------------------
---------------------------------------------------------------------------------
Start IO Insertion
---------------------------------------------------------------------------------
---------------------------------------------------------------------------------
Start Flattening Before IO Insertion
---------------------------------------------------------------------------------
---------------------------------------------------------------------------------
Finished Flattening Before IO Insertion
---------------------------------------------------------------------------------
---------------------------------------------------------------------------------
Start Final Netlist Cleanup
---------------------------------------------------------------------------------
---------------------------------------------------------------------------------
Finished Final Netlist Cleanup
---------------------------------------------------------------------------------
---------------------------------------------------------------------------------
Finished IO Insertion : Time (s): cpu = 00:00:17 ; elapsed = 00:00:29 . Memory (MB): peak = 1023.121 ; gain = 20.156
---------------------------------------------------------------------------------
---------------------------------------------------------------------------------
Start Renaming Generated Instances
---------------------------------------------------------------------------------
---------------------------------------------------------------------------------
Finished Renaming Generated Instances : Time (s): cpu = 00:00:17 ; elapsed = 00:00:29 . Memory (MB): peak = 1023.121 ; gain = 20.156
---------------------------------------------------------------------------------
---------------------------------------------------------------------------------
Start Rebuilding User Hierarchy
---------------------------------------------------------------------------------
---------------------------------------------------------------------------------
Finished Rebuilding User Hierarchy : Time (s): cpu = 00:00:17 ; elapsed = 00:00:29 . Memory (MB): peak = 1023.121 ; gain = 20.156
---------------------------------------------------------------------------------
---------------------------------------------------------------------------------
Start Renaming Generated Ports
---------------------------------------------------------------------------------
---------------------------------------------------------------------------------
Finished Renaming Generated Ports : Time (s): cpu = 00:00:17 ; elapsed = 00:00:29 . Memory (MB): peak = 1023.121 ; gain = 20.156
---------------------------------------------------------------------------------
---------------------------------------------------------------------------------
Start Handling Custom Attributes
---------------------------------------------------------------------------------
---------------------------------------------------------------------------------
Finished Handling Custom Attributes : Time (s): cpu = 00:00:17 ; elapsed = 00:00:29 . Memory (MB): peak = 1023.121 ; gain = 20.156
---------------------------------------------------------------------------------
---------------------------------------------------------------------------------
Start Renaming Generated Nets
---------------------------------------------------------------------------------
---------------------------------------------------------------------------------
Finished Renaming Generated Nets : Time (s): cpu = 00:00:17 ; elapsed = 00:00:29 . Memory (MB): peak = 1023.121 ; gain = 20.156
---------------------------------------------------------------------------------
---------------------------------------------------------------------------------
Start Writing Synthesis Report
---------------------------------------------------------------------------------

Report BlackBoxes: 
+-+--------------+----------+
| |BlackBox name |Instances |
+-+--------------+----------+
+-+--------------+----------+

Report Cell Usage: 
+------+--------+------+
|      |Cell    |Count |
+------+--------+------+
|1     |CARRY4  |     3|
|2     |DSP48E1 |     1|
|3     |LUT1    |     1|
|4     |LUT3    |     9|
|5     |LUT4    |     9|
|6     |LUT5    |     3|
|7     |LUT6    |     2|
|8     |FDCE    |     4|
|9     |FDRE    |    24|
+------+--------+------+
---------------------------------------------------------------------------------
Finished Writing Synthesis Report : Time (s): cpu = 00:00:17 ; elapsed = 00:00:29 . Memory (MB): peak = 1023.121 ; gain = 20.156
---------------------------------------------------------------------------------
Synthesis finished with 0 errors, 0 critical warnings and 0 warnings.
Synthesis Optimization Runtime : Time (s): cpu = 00:00:12 ; elapsed = 00:00:28 . Memory (MB): peak = 1023.121 ; gain = 20.156
Synthesis Optimization Complete : Time (s): cpu = 00:00:17 ; elapsed = 00:00:30 . Memory (MB): peak = 1023.121 ; gain = 20.156
INFO: [Project 1-571] Translating synthesized netlist
Netlist sorting complete. Time (s): cpu = 00:00:00 ; elapsed = 00:00:00.001 . Memory (MB): peak = 1034.215 ; gain = 0.000
INFO: [Netlist 29-17] Analyzing 4 Unisim elements for replacement
INFO: [Netlist 29-28] Unisim Transformation completed in 0 CPU seconds
INFO: [Project 1-570] Preparing netlist for logic optimization
INFO: [Opt 31-138] Pushed 0 inverter(s) to 0 load pin(s).
Netlist sorting complete. Time (s): cpu = 00:00:00 ; elapsed = 00:00:00 . Memory (MB): peak = 1034.215 ; gain = 0.000
INFO: [Project 1-111] Unisim Transformation Summary:
No Unisim elements were transformed.

INFO: [Common 17-83] Releasing license: Synthesis
25 Infos, 1 Warnings, 0 Critical Warnings and 0 Errors encountered.
synth_design completed successfully
synth_design: Time (s): cpu = 00:00:20 ; elapsed = 00:00:36 . Memory (MB): peak = 1034.215 ; gain = 31.250
INFO: [Common 17-1381] The checkpoint 'D:/VivadoProjects/LAB2/LAB2.runs/design_1_divisor_0_0_synth_1/design_1_divisor_0_0.dcp' has been generated.
WARNING: [Common 17-576] 'use_project_ipc' is deprecated. This option is deprecated and no longer used.
INFO: [Coretcl 2-1174] Renamed 2 cell refs.
INFO: [Common 17-1381] The checkpoint 'D:/VivadoProjects/LAB2/LAB2.runs/design_1_divisor_0_0_synth_1/design_1_divisor_0_0.dcp' has been generated.
INFO: [runtcl-4] Executing : report_utilization -file design_1_divisor_0_0_utilization_synth.rpt -pb design_1_divisor_0_0_utilization_synth.pb
INFO: [Common 17-206] Exiting Vivado at Sun Mar 26 15:40:28 2023...
